<?xml version="1.0" encoding="UTF-8"?>
<!-- Generated by org.testng.reporters.JUnitReportReporter -->
<testsuite hostname="CodeOne" failures="0" tests="1" name="com.allstate.qa.auto.AutoQuoteTest" time="26.171" errors="0" timestamp="2022-05-10T20:30:34 EDT" skipped="0">
  <testcase classname="com.allstate.qa.auto.AutoQuoteTest" name="AutoTest" time="26.171"/>
  <system-out>
    <![CDATA[07457 : value passed to element : [[ChromeDriver: chrome on WINDOWS (5d074177941182e79c769a21c0709c21)] -> id: quote-main-zip-code-input]<br>
Element is clicking : [[ChromeDriver: chrome on WINDOWS (5d074177941182e79c769a21c0709c21)] -> id: quote-main-zip-btn]<br>
Element is clicking : [[ChromeDriver: chrome on WINDOWS (5d074177941182e79c769a21c0709c21)] -> id: billOfRightsModalCloseLinkId]<br>
Jordan : value passed to element : [[ChromeDriver: chrome on WINDOWS (5d074177941182e79c769a21c0709c21)] -> id: first_name]<br>
R : value passed to element : [[ChromeDriver: chrome on WINDOWS (5d074177941182e79c769a21c0709c21)] -> xpath: //input[@id='middle_name']]<br>
Pippen : value passed to element : [[ChromeDriver: chrome on WINDOWS (5d074177941182e79c769a21c0709c21)] -> xpath: //input[@id='last_name']]<br>
Element is clicking : [[ChromeDriver: chrome on WINDOWS (5d074177941182e79c769a21c0709c21)] -> xpath: //span[@class='ui-selectmenu-icon ui-icon chevron']]<br>
Element is clicking : [[ChromeDriver: chrome on WINDOWS (5d074177941182e79c769a21c0709c21)] -> id: ui-id-7]<br>
1 South Corporate Drive : value passed to element : [[ChromeDriver: chrome on WINDOWS (5d074177941182e79c769a21c0709c21)] -> id: street1]<br>
1C : value passed to element : [[ChromeDriver: chrome on WINDOWS (5d074177941182e79c769a21c0709c21)] -> id: street2]<br>
03231984 : value passed to element : [[ChromeDriver: chrome on WINDOWS (5d074177941182e79c769a21c0709c21)] -> id: date_of_birth]<br>
Element is clicking : Proxy element for: DefaultElementLocator 'By.xpath: (//button[@class='uitk-btn-primary'])[2]'<br>]]>
  </system-out>
</testsuite> <!-- com.allstate.qa.auto.AutoQuoteTest -->
