<?xml version="1.0" encoding="UTF-8"?>
<!-- Generated by org.testng.reporters.JUnitReportReporter -->
<testsuite hostname="CodeOne" failures="0" tests="1" name="com.allstate.qa.auto.AutoQuoteTest" time="8.902" errors="0" timestamp="2022-05-11T17:40:34 EDT" skipped="0">
  <testcase classname="com.allstate.qa.auto.AutoQuoteTest" name="AutoTest" time="8.902"/>
  <system-out>
    <![CDATA[07457 : value passed to element : [[ChromeDriver: chrome on WINDOWS (a34fcb336faa7790aa569055180e477e)] -> id: quote-main-zip-code-input]<br>
Element is clicking : [[ChromeDriver: chrome on WINDOWS (a34fcb336faa7790aa569055180e477e)] -> id: quote-main-zip-btn]<br>
Element is clicking : [[ChromeDriver: chrome on WINDOWS (a34fcb336faa7790aa569055180e477e)] -> id: billOfRightsModalCloseLinkId]<br>
Jordan : value passed to element : [[ChromeDriver: chrome on WINDOWS (a34fcb336faa7790aa569055180e477e)] -> id: first_name]<br>
R : value passed to element : [[ChromeDriver: chrome on WINDOWS (a34fcb336faa7790aa569055180e477e)] -> xpath: //input[@id='middle_name']]<br>
Pippen : value passed to element : [[ChromeDriver: chrome on WINDOWS (a34fcb336faa7790aa569055180e477e)] -> xpath: //input[@id='last_name']]<br>
Element is clicking : [[ChromeDriver: chrome on WINDOWS (a34fcb336faa7790aa569055180e477e)] -> xpath: //span[@class='ui-selectmenu-icon ui-icon chevron']]<br>
Element is clicking : [[ChromeDriver: chrome on WINDOWS (a34fcb336faa7790aa569055180e477e)] -> id: ui-id-7]<br>
1 South Corporate Drive : value passed to element : [[ChromeDriver: chrome on WINDOWS (a34fcb336faa7790aa569055180e477e)] -> id: street1]<br>
1C : value passed to element : [[ChromeDriver: chrome on WINDOWS (a34fcb336faa7790aa569055180e477e)] -> id: street2]<br>
03231984 : value passed to element : [[ChromeDriver: chrome on WINDOWS (a34fcb336faa7790aa569055180e477e)] -> id: date_of_birth]<br>]]>
  </system-out>
</testsuite> <!-- com.allstate.qa.auto.AutoQuoteTest -->
