<?xml version="1.0" encoding="UTF-8"?>
<!-- Generated by org.testng.reporters.JUnitReportReporter -->
<testsuite hostname="CodeOne" failures="0" tests="1" name="com.allstate.qa.auto.AutoQuoteTest" time="6.750" errors="0" timestamp="2022-05-09T09:28:16 EDT" skipped="0">
  <testcase classname="com.allstate.qa.auto.AutoQuoteTest" name="AutoTest" time="6.750"/>
  <system-out>
    <![CDATA[07457 : value passed to element : [[ChromeDriver: chrome on WINDOWS (d0f1ce3930c686448e31d7ba61a833a9)] -> id: quote-main-zip-code-input]<br>
Element is clicking : [[ChromeDriver: chrome on WINDOWS (d0f1ce3930c686448e31d7ba61a833a9)] -> id: quote-main-zip-btn]<br>
Element is clicking : [[ChromeDriver: chrome on WINDOWS (d0f1ce3930c686448e31d7ba61a833a9)] -> id: billOfRightsModalCloseLinkId]<br>]]>
  </system-out>
</testsuite> <!-- com.allstate.qa.auto.AutoQuoteTest -->
