<?xml version="1.0" encoding="UTF-8"?>
<!-- Generated by org.testng.reporters.JUnitReportReporter -->
<testsuite hostname="CodeOne" failures="0" tests="1" name="com.allstate.qa.tests.HomeQuoteTest" time="14.891" errors="0" timestamp="2022-05-15T14:06:35 EDT" skipped="0">
  <testcase classname="com.allstate.qa.tests.HomeQuoteTest" name="homeQuoteTest" time="14.891"/>
  <system-out>
    <![CDATA[Homeowners : value has been selected from the element : [[ChromeDriver: chrome on WINDOWS (9df7b55e6c1971a9e943a6bef81b9d0d)] -> id: popDropdown]<br>
10008 : value passed to element : [[ChromeDriver: chrome on WINDOWS (9df7b55e6c1971a9e943a6bef81b9d0d)] -> id: quote-main-zip-code-input]<br>
Element is clicking : [[ChromeDriver: chrome on WINDOWS (9df7b55e6c1971a9e943a6bef81b9d0d)] -> id: quote-main-zip-btn]<br>
Pippen : value passed to element : [[ChromeDriver: chrome on WINDOWS (9df7b55e6c1971a9e943a6bef81b9d0d)] -> id: firstName]<br>
Jordan : value passed to element : [[ChromeDriver: chrome on WINDOWS (9df7b55e6c1971a9e943a6bef81b9d0d)] -> id: lastName]<br>
R : value passed to element : [[ChromeDriver: chrome on WINDOWS (9df7b55e6c1971a9e943a6bef81b9d0d)] -> id: middleName]<br>
II : value has been selected from the element : [[ChromeDriver: chrome on WINDOWS (9df7b55e6c1971a9e943a6bef81b9d0d)] -> id: nameSuffix]<br>
2 Gold Street : value passed to element : [[ChromeDriver: chrome on WINDOWS (9df7b55e6c1971a9e943a6bef81b9d0d)] -> id: street]<br>
23-33 : value passed to element : [[ChromeDriver: chrome on WINDOWS (9df7b55e6c1971a9e943a6bef81b9d0d)] -> id: street2]<br>
05/23/1999 : value passed to element : [[ChromeDriver: chrome on WINDOWS (9df7b55e6c1971a9e943a6bef81b9d0d)] -> id: dateOfBirth]<br>
Element is clicking : [[ChromeDriver: chrome on WINDOWS (9df7b55e6c1971a9e943a6bef81b9d0d)] -> id: sameAsRiskAddress]<br>
Actual value : Disclosures >>><<< Expected value : Disclosures
Actual value : Notice of Privacy Policy >>><<< Expected value : Notice of Privacy Policy]]>
  </system-out>
</testsuite> <!-- com.allstate.qa.tests.HomeQuoteTest -->
